\BOOKMARK [1][-]{section.2}{\376\377\000I\000n\000t\000r\000o\000d\000u\000c\000t\000i\000o\000n}{}% 1
\BOOKMARK [1][-]{section.3}{\376\377\000D\000a\000t\000a\000s\000e\000t\000\040\000a\000n\000d\000\040\000O\000f\000f\000i\000c\000i\000a\000l\000\040\000E\000v\000a\000l\000u\000a\000t\000i\000o\000n\000\040\000S\000e\000t\000u\000p}{}% 2
\BOOKMARK [2][-]{subsection.4}{\376\377\000R\000a\000n\000d\000o\000m\000\040\0005\0000\000-\000q\000u\000e\000s\000t\000i\000o\000n\000\040\000s\000a\000m\000p\000l\000e\000\040\000f\000r\000o\000m\000\040\000t\000r\000a\000i\000n\000.\000c\000s\000v}{section.3}% 3
\BOOKMARK [2][-]{subsection.5}{\376\377\000W\000i\000k\000i\000p\000e\000d\000i\000a\000\040\000c\000o\000r\000p\000u\000s\000\040\000c\000o\000n\000s\000t\000r\000u\000c\000t\000i\000o\000n}{section.3}% 4
\BOOKMARK [1][-]{section.6}{\376\377\000P\000a\000r\000t\000\040\0001\000:\000\040\000I\000n\000d\000e\000x\000i\000n\000g\000\040\000P\000i\000p\000e\000l\000i\000n\000e}{}% 5
\BOOKMARK [2][-]{subsection.7}{\376\377\000C\000h\000u\000n\000k\000i\000n\000g\000\040\000S\000t\000r\000a\000t\000e\000g\000y\000\040\000A}{section.6}% 6
\BOOKMARK [2][-]{subsection.8}{\376\377\000C\000h\000u\000n\000k\000i\000n\000g\000\040\000S\000t\000r\000a\000t\000e\000g\000y\000\040\000B}{section.6}% 7
\BOOKMARK [2][-]{subsection.9}{\376\377\000V\000e\000c\000t\000o\000r\000\040\000I\000n\000d\000e\000x\000\040\000C\000o\000n\000s\000t\000r\000u\000c\000t\000i\000o\000n}{section.6}% 8
\BOOKMARK [2][-]{subsection.10}{\376\377\000C\000h\000u\000n\000k\000\040\000S\000i\000z\000e\000\040\000A\000n\000a\000l\000y\000s\000i\000s}{section.6}% 9
\BOOKMARK [1][-]{section.13}{\376\377\000P\000a\000r\000t\000\040\0002\000:\000\040\000R\000e\000t\000r\000i\000e\000v\000a\000l\000\040\000a\000n\000d\000\040\000R\000e\000-\000r\000a\000n\000k\000i\000n\000g}{}% 10
\BOOKMARK [2][-]{subsection.14}{\376\377\000D\000e\000n\000s\000e\000\040\000R\000e\000t\000r\000i\000e\000v\000a\000l}{section.13}% 11
\BOOKMARK [2][-]{subsection.15}{\376\377\000C\000r\000o\000s\000s\000-\000E\000n\000c\000o\000d\000e\000r\000\040\000R\000e\000-\000r\000a\000n\000k\000i\000n\000g}{section.13}% 12
\BOOKMARK [2][-]{subsection.16}{\376\377\000H\000i\000t\000\040\000R\000a\000t\000e\000\040\000C\000o\000m\000p\000a\000r\000i\000s\000o\000n}{section.13}% 13
\BOOKMARK [2][-]{subsection.19}{\376\377\000Q\000u\000e\000r\000y\000\040\000F\000o\000r\000m\000u\000l\000a\000t\000i\000o\000n\000\040\000a\000n\000d\000\040\000T\000o\000p\000-\000k\000\040\000S\000e\000n\000s\000i\000t\000i\000v\000i\000t\000y}{section.13}% 14
\BOOKMARK [2][-]{subsection.22}{\376\377\000T\000w\000o\000\040\000Q\000u\000a\000l\000i\000t\000a\000t\000i\000v\000e\000\040\000R\000e\000-\000r\000a\000n\000k\000i\000n\000g\000\040\000E\000x\000a\000m\000p\000l\000e\000s}{section.13}% 15
\BOOKMARK [1][-]{section.23}{\376\377\000P\000a\000r\000t\000\040\0003\000:\000\040\000O\000l\000l\000a\000m\000a\000\040\000G\000e\000n\000e\000r\000a\000t\000i\000o\000n}{}% 16
\BOOKMARK [2][-]{subsection.24}{\376\377\000L\000l\000a\000m\000a\000-\0003\000\040\000I\000n\000t\000e\000g\000r\000a\000t\000i\000o\000n}{section.23}% 17
\BOOKMARK [2][-]{subsection.25}{\376\377\000A\000n\000t\000i\000-\000h\000a\000l\000l\000u\000c\000i\000n\000a\000t\000i\000o\000n\000\040\000P\000r\000o\000m\000p\000t}{section.23}% 18
\BOOKMARK [2][-]{subsection.26}{\376\377\000A\000c\000c\000u\000r\000a\000c\000y\000\040\000o\000n\000\040\0005\0000\000\040\000R\000a\000n\000d\000o\000m\000\040\000t\000r\000a\000i\000n\000.\000c\000s\000v\000\040\000Q\000u\000e\000s\000t\000i\000o\000n\000s}{section.23}% 19
\BOOKMARK [2][-]{subsection.27}{\376\377\000E\000n\000d\000-\000t\000o\000-\000e\000n\000d\000\040\000P\000i\000p\000e\000l\000i\000n\000e\000\040\000A\000b\000l\000a\000t\000i\000o\000n}{section.23}% 20
\BOOKMARK [1][-]{section.30}{\376\377\000L\000a\000t\000e\000n\000c\000y\000\040\000A\000n\000a\000l\000y\000s\000i\000s}{}% 21
\BOOKMARK [1][-]{section.33}{\376\377\000E\000r\000r\000o\000r\000\040\000A\000n\000a\000l\000y\000s\000i\000s}{}% 22
\BOOKMARK [1][-]{section.36}{\376\377\000O\000p\000t\000i\000o\000n\000a\000l\000\040\000A\000d\000v\000a\000n\000c\000e\000d\000\040\000E\000x\000p\000e\000r\000i\000m\000e\000n\000t}{}% 23
\BOOKMARK [2][-]{subsection.37}{\376\377\000M\000o\000t\000i\000v\000a\000t\000i\000o\000n}{section.36}% 24
\BOOKMARK [2][-]{subsection.38}{\376\377\000S\000c\000i\000e\000n\000c\000e\000-\000o\000n\000l\000y\000\040\000e\000v\000a\000l\000u\000a\000t\000i\000o\000n\000\040\000s\000e\000t\000u\000p}{section.36}% 25
\BOOKMARK [2][-]{subsection.39}{\376\377\000A\000d\000v\000a\000n\000c\000e\000d\000\040\000r\000e\000t\000r\000i\000e\000v\000a\000l\000\040\000c\000h\000a\000n\000g\000e\000s}{section.36}% 26
\BOOKMARK [2][-]{subsection.40}{\376\377\000M\000o\000d\000e\000l\000\040\000a\000n\000d\000\040\000e\000n\000s\000e\000m\000b\000l\000e\000\040\000c\000o\000m\000p\000a\000r\000i\000s\000o\000n}{section.36}% 27
\BOOKMARK [2][-]{subsection.43}{\376\377\000W\000h\000y\000\040\000t\000h\000i\000s\000\040\000i\000s\000\040\000n\000o\000t\000\040\000t\000h\000e\000\040\000o\000f\000f\000i\000c\000i\000a\000l\000\040\000H\000W\0003\000\040\000s\000c\000o\000r\000e}{section.36}% 28
\BOOKMARK [1][-]{section.44}{\376\377\000C\000o\000n\000c\000l\000u\000s\000i\000o\000n}{}% 29
